==8924== Memcheck, a memory error detector
==8924== Copyright (C) 2002-2015, and GNU GPL'd, by Julian Seward et al.
==8924== Using Valgrind-3.11.0 and LibVEX; rerun with -h for copyright info
==8924== Command: ./test/test
==8924== Parent PID: 25650
==8924== 
==8931== 
==8931== HEAP SUMMARY:
==8931==     in use at exit: 2,340 bytes in 60 blocks
==8931==   total heap usage: 93 allocs, 33 frees, 26,708 bytes allocated
==8931== 
==8931== LEAK SUMMARY:
==8931==    definitely lost: 0 bytes in 0 blocks
==8931==    indirectly lost: 0 bytes in 0 blocks
==8931==      possibly lost: 0 bytes in 0 blocks
==8931==    still reachable: 2,340 bytes in 60 blocks
==8931==         suppressed: 0 bytes in 0 blocks
==8931== Reachable blocks (those to which a pointer was found) are not shown.
==8931== To see them, rerun with: --leak-check=full --show-leak-kinds=all
==8931== 
==8931== For counts of detected and suppressed errors, rerun with: -v
==8931== ERROR SUMMARY: 0 errors from 0 contexts (suppressed: 0 from 0)
==8932== 
==8932== HEAP SUMMARY:
==8932==     in use at exit: 2,417 bytes in 63 blocks
==8932==   total heap usage: 104 allocs, 41 frees, 39,805 bytes allocated
==8932== 
==8932== LEAK SUMMARY:
==8932==    definitely lost: 0 bytes in 0 blocks
==8932==    indirectly lost: 0 bytes in 0 blocks
==8932==      possibly lost: 0 bytes in 0 blocks
==8932==    still reachable: 2,417 bytes in 63 blocks
==8932==         suppressed: 0 bytes in 0 blocks
==8932== Reachable blocks (those to which a pointer was found) are not shown.
==8932== To see them, rerun with: --leak-check=full --show-leak-kinds=all
==8932== 
==8932== For counts of detected and suppressed errors, rerun with: -v
==8932== ERROR SUMMARY: 0 errors from 0 contexts (suppressed: 0 from 0)
==8933== 
==8933== HEAP SUMMARY:
==8933==     in use at exit: 2,502 bytes in 66 blocks
==8933==   total heap usage: 116 allocs, 50 frees, 52,918 bytes allocated
==8933== 
==8933== LEAK SUMMARY:
==8933==    definitely lost: 0 bytes in 0 blocks
==8933==    indirectly lost: 0 bytes in 0 blocks
==8933==      possibly lost: 0 bytes in 0 blocks
==8933==    still reachable: 2,502 bytes in 66 blocks
==8933==         suppressed: 0 bytes in 0 blocks
==8933== Reachable blocks (those to which a pointer was found) are not shown.
==8933== To see them, rerun with: --leak-check=full --show-leak-kinds=all
==8933== 
==8933== For counts of detected and suppressed errors, rerun with: -v
==8933== ERROR SUMMARY: 0 errors from 0 contexts (suppressed: 0 from 0)
==8924== 
==8924== HEAP SUMMARY:
==8924==     in use at exit: 0 bytes in 0 blocks
==8924==   total heap usage: 117 allocs, 117 frees, 62,085 bytes allocated
==8924== 
==8924== All heap blocks were freed -- no leaks are possible
==8924== 
==8924== For counts of detected and suppressed errors, rerun with: -v
==8924== ERROR SUMMARY: 0 errors from 0 contexts (suppressed: 0 from 0)
