==12605== Memcheck, a memory error detector
==12605== Copyright (C) 2002-2015, and GNU GPL'd, by Julian Seward et al.
==12605== Using Valgrind-3.11.0 and LibVEX; rerun with -h for copyright info
==12605== Command: ./test/test
==12605== Parent PID: 6463
==12605== 
==12608== 
==12608== HEAP SUMMARY:
==12608==     in use at exit: 2,012 bytes in 45 blocks
==12608==   total heap usage: 74 allocs, 29 frees, 38,585 bytes allocated
==12608== 
==12608== LEAK SUMMARY:
==12608==    definitely lost: 0 bytes in 0 blocks
==12608==    indirectly lost: 0 bytes in 0 blocks
==12608==      possibly lost: 0 bytes in 0 blocks
==12608==    still reachable: 2,012 bytes in 45 blocks
==12608==         suppressed: 0 bytes in 0 blocks
==12608== Reachable blocks (those to which a pointer was found) are not shown.
==12608== To see them, rerun with: --leak-check=full --show-leak-kinds=all
==12608== 
==12608== For counts of detected and suppressed errors, rerun with: -v
==12608== ERROR SUMMARY: 0 errors from 0 contexts (suppressed: 0 from 0)
==12609== 
==12609== HEAP SUMMARY:
==12609==     in use at exit: 2,089 bytes in 48 blocks
==12609==   total heap usage: 116 allocs, 68 frees, 41,946 bytes allocated
==12609== 
==12609== LEAK SUMMARY:
==12609==    definitely lost: 0 bytes in 0 blocks
==12609==    indirectly lost: 0 bytes in 0 blocks
==12609==      possibly lost: 0 bytes in 0 blocks
==12609==    still reachable: 2,089 bytes in 48 blocks
==12609==         suppressed: 0 bytes in 0 blocks
==12609== Reachable blocks (those to which a pointer was found) are not shown.
==12609== To see them, rerun with: --leak-check=full --show-leak-kinds=all
==12609== 
==12609== For counts of detected and suppressed errors, rerun with: -v
==12609== ERROR SUMMARY: 0 errors from 0 contexts (suppressed: 0 from 0)
==12605== 
==12605== HEAP SUMMARY:
==12605==     in use at exit: 0 bytes in 0 blocks
==12605==   total heap usage: 88 allocs, 88 frees, 48,512 bytes allocated
==12605== 
==12605== All heap blocks were freed -- no leaks are possible
==12605== 
==12605== For counts of detected and suppressed errors, rerun with: -v
==12605== ERROR SUMMARY: 0 errors from 0 contexts (suppressed: 0 from 0)
