==13998== Memcheck, a memory error detector
==13998== Copyright (C) 2002-2015, and GNU GPL'd, by Julian Seward et al.
==13998== Using Valgrind-3.11.0 and LibVEX; rerun with -h for copyright info
==13998== Command: ./test/test
==13998== Parent PID: 6254
==13998== 
==14002== 
==14002== HEAP SUMMARY:
==14002==     in use at exit: 2,340 bytes in 60 blocks
==14002==   total heap usage: 87 allocs, 27 frees, 35,249 bytes allocated
==14002== 
==14002== LEAK SUMMARY:
==14002==    definitely lost: 0 bytes in 0 blocks
==14002==    indirectly lost: 0 bytes in 0 blocks
==14002==      possibly lost: 0 bytes in 0 blocks
==14002==    still reachable: 2,340 bytes in 60 blocks
==14002==         suppressed: 0 bytes in 0 blocks
==14002== Reachable blocks (those to which a pointer was found) are not shown.
==14002== To see them, rerun with: --leak-check=full --show-leak-kinds=all
==14002== 
==14002== For counts of detected and suppressed errors, rerun with: -v
==14002== ERROR SUMMARY: 0 errors from 0 contexts (suppressed: 0 from 0)
==14003== 
==14003== HEAP SUMMARY:
==14003==     in use at exit: 2,417 bytes in 63 blocks
==14003==   total heap usage: 98 allocs, 35 frees, 48,346 bytes allocated
==14003== 
==14003== LEAK SUMMARY:
==14003==    definitely lost: 0 bytes in 0 blocks
==14003==    indirectly lost: 0 bytes in 0 blocks
==14003==      possibly lost: 0 bytes in 0 blocks
==14003==    still reachable: 2,417 bytes in 63 blocks
==14003==         suppressed: 0 bytes in 0 blocks
==14003== Reachable blocks (those to which a pointer was found) are not shown.
==14003== To see them, rerun with: --leak-check=full --show-leak-kinds=all
==14003== 
==14003== For counts of detected and suppressed errors, rerun with: -v
==14003== ERROR SUMMARY: 0 errors from 0 contexts (suppressed: 0 from 0)
==14004== 
==14004== HEAP SUMMARY:
==14004==     in use at exit: 2,502 bytes in 66 blocks
==14004==   total heap usage: 110 allocs, 44 frees, 61,459 bytes allocated
==14004== 
==14004== LEAK SUMMARY:
==14004==    definitely lost: 0 bytes in 0 blocks
==14004==    indirectly lost: 0 bytes in 0 blocks
==14004==      possibly lost: 0 bytes in 0 blocks
==14004==    still reachable: 2,502 bytes in 66 blocks
==14004==         suppressed: 0 bytes in 0 blocks
==14004== Reachable blocks (those to which a pointer was found) are not shown.
==14004== To see them, rerun with: --leak-check=full --show-leak-kinds=all
==14004== 
==14004== For counts of detected and suppressed errors, rerun with: -v
==14004== ERROR SUMMARY: 0 errors from 0 contexts (suppressed: 0 from 0)
==13998== 
==13998== HEAP SUMMARY:
==13998==     in use at exit: 0 bytes in 0 blocks
==13998==   total heap usage: 117 allocs, 117 frees, 62,085 bytes allocated
==13998== 
==13998== All heap blocks were freed -- no leaks are possible
==13998== 
==13998== For counts of detected and suppressed errors, rerun with: -v
==13998== ERROR SUMMARY: 0 errors from 0 contexts (suppressed: 0 from 0)
