==13688== Memcheck, a memory error detector
==13688== Copyright (C) 2002-2015, and GNU GPL'd, by Julian Seward et al.
==13688== Using Valgrind-3.11.0 and LibVEX; rerun with -h for copyright info
==13688== Command: ./test/test
==13688== Parent PID: 6807
==13688== 
==13691== 
==13691== HEAP SUMMARY:
==13691==     in use at exit: 2,652 bytes in 75 blocks
==13691==   total heap usage: 111 allocs, 36 frees, 27,051 bytes allocated
==13691== 
==13691== LEAK SUMMARY:
==13691==    definitely lost: 0 bytes in 0 blocks
==13691==    indirectly lost: 0 bytes in 0 blocks
==13691==      possibly lost: 0 bytes in 0 blocks
==13691==    still reachable: 2,652 bytes in 75 blocks
==13691==         suppressed: 0 bytes in 0 blocks
==13691== Reachable blocks (those to which a pointer was found) are not shown.
==13691== To see them, rerun with: --leak-check=full --show-leak-kinds=all
==13691== 
==13691== For counts of detected and suppressed errors, rerun with: -v
==13691== ERROR SUMMARY: 0 errors from 0 contexts (suppressed: 0 from 0)
==13692== 
==13692== HEAP SUMMARY:
==13692==     in use at exit: 2,729 bytes in 78 blocks
==13692==   total heap usage: 132 allocs, 54 frees, 40,277 bytes allocated
==13692== 
==13692== LEAK SUMMARY:
==13692==    definitely lost: 0 bytes in 0 blocks
==13692==    indirectly lost: 0 bytes in 0 blocks
==13692==      possibly lost: 0 bytes in 0 blocks
==13692==    still reachable: 2,729 bytes in 78 blocks
==13692==         suppressed: 0 bytes in 0 blocks
==13692== Reachable blocks (those to which a pointer was found) are not shown.
==13692== To see them, rerun with: --leak-check=full --show-leak-kinds=all
==13692== 
==13692== For counts of detected and suppressed errors, rerun with: -v
==13692== ERROR SUMMARY: 0 errors from 0 contexts (suppressed: 0 from 0)
==13693== 
==13693== HEAP SUMMARY:
==13693==     in use at exit: 2,814 bytes in 81 blocks
==13693==   total heap usage: 156 allocs, 75 frees, 53,569 bytes allocated
==13693== 
==13693== LEAK SUMMARY:
==13693==    definitely lost: 0 bytes in 0 blocks
==13693==    indirectly lost: 0 bytes in 0 blocks
==13693==      possibly lost: 0 bytes in 0 blocks
==13693==    still reachable: 2,814 bytes in 81 blocks
==13693==         suppressed: 0 bytes in 0 blocks
==13693== Reachable blocks (those to which a pointer was found) are not shown.
==13693== To see them, rerun with: --leak-check=full --show-leak-kinds=all
==13693== 
==13693== For counts of detected and suppressed errors, rerun with: -v
==13693== ERROR SUMMARY: 0 errors from 0 contexts (suppressed: 0 from 0)
==13694== 
==13694== HEAP SUMMARY:
==13694==     in use at exit: 2,907 bytes in 84 blocks
==13694==   total heap usage: 180 allocs, 96 frees, 66,866 bytes allocated
==13694== 
==13694== LEAK SUMMARY:
==13694==    definitely lost: 0 bytes in 0 blocks
==13694==    indirectly lost: 0 bytes in 0 blocks
==13694==      possibly lost: 0 bytes in 0 blocks
==13694==    still reachable: 2,907 bytes in 84 blocks
==13694==         suppressed: 0 bytes in 0 blocks
==13694== Reachable blocks (those to which a pointer was found) are not shown.
==13694== To see them, rerun with: --leak-check=full --show-leak-kinds=all
==13694== 
==13694== For counts of detected and suppressed errors, rerun with: -v
==13694== ERROR SUMMARY: 0 errors from 0 contexts (suppressed: 0 from 0)
==13688== 
==13688== HEAP SUMMARY:
==13688==     in use at exit: 224 bytes in 12 blocks
==13688==   total heap usage: 190 allocs, 178 frees, 76,238 bytes allocated
==13688== 
==13688== LEAK SUMMARY:
==13688==    definitely lost: 0 bytes in 0 blocks
==13688==    indirectly lost: 0 bytes in 0 blocks
==13688==      possibly lost: 0 bytes in 0 blocks
==13688==    still reachable: 224 bytes in 12 blocks
==13688==         suppressed: 0 bytes in 0 blocks
==13688== Reachable blocks (those to which a pointer was found) are not shown.
==13688== To see them, rerun with: --leak-check=full --show-leak-kinds=all
==13688== 
==13688== For counts of detected and suppressed errors, rerun with: -v
==13688== ERROR SUMMARY: 0 errors from 0 contexts (suppressed: 0 from 0)
