==5406== Memcheck, a memory error detector
==5406== Copyright (C) 2002-2015, and GNU GPL'd, by Julian Seward et al.
==5406== Using Valgrind-3.11.0 and LibVEX; rerun with -h for copyright info
==5406== Command: ./test/test
==5406== Parent PID: 17068
==5406== 
==5409== 
==5409== HEAP SUMMARY:
==5409==     in use at exit: 2,012 bytes in 45 blocks
==5409==   total heap usage: 96 allocs, 51 frees, 84,689 bytes allocated
==5409== 
==5409== LEAK SUMMARY:
==5409==    definitely lost: 0 bytes in 0 blocks
==5409==    indirectly lost: 0 bytes in 0 blocks
==5409==      possibly lost: 0 bytes in 0 blocks
==5409==    still reachable: 2,012 bytes in 45 blocks
==5409==         suppressed: 0 bytes in 0 blocks
==5409== Reachable blocks (those to which a pointer was found) are not shown.
==5409== To see them, rerun with: --leak-check=full --show-leak-kinds=all
==5409== 
==5409== For counts of detected and suppressed errors, rerun with: -v
==5409== ERROR SUMMARY: 0 errors from 0 contexts (suppressed: 0 from 0)
==5410== 
==5410== HEAP SUMMARY:
==5410==     in use at exit: 2,089 bytes in 48 blocks
==5410==   total heap usage: 112 allocs, 64 frees, 100,546 bytes allocated
==5410== 
==5410== LEAK SUMMARY:
==5410==    definitely lost: 0 bytes in 0 blocks
==5410==    indirectly lost: 0 bytes in 0 blocks
==5410==      possibly lost: 0 bytes in 0 blocks
==5410==    still reachable: 2,089 bytes in 48 blocks
==5410==         suppressed: 0 bytes in 0 blocks
==5410== Reachable blocks (those to which a pointer was found) are not shown.
==5410== To see them, rerun with: --leak-check=full --show-leak-kinds=all
==5410== 
==5410== For counts of detected and suppressed errors, rerun with: -v
==5410== ERROR SUMMARY: 0 errors from 0 contexts (suppressed: 0 from 0)
==5406== 
==5406== HEAP SUMMARY:
==5406==     in use at exit: 0 bytes in 0 blocks
==5406==   total heap usage: 88 allocs, 88 frees, 48,512 bytes allocated
==5406== 
==5406== All heap blocks were freed -- no leaks are possible
==5406== 
==5406== For counts of detected and suppressed errors, rerun with: -v
==5406== ERROR SUMMARY: 0 errors from 0 contexts (suppressed: 0 from 0)
