==12428== Memcheck, a memory error detector
==12428== Copyright (C) 2002-2015, and GNU GPL'd, by Julian Seward et al.
==12428== Using Valgrind-3.11.0 and LibVEX; rerun with -h for copyright info
==12428== Command: ./test/test
==12428== Parent PID: 6463
==12428== 
==12431== 
==12431== HEAP SUMMARY:
==12431==     in use at exit: 1,690 bytes in 30 blocks
==12431==   total heap usage: 56 allocs, 26 frees, 25,967 bytes allocated
==12431== 
==12431== LEAK SUMMARY:
==12431==    definitely lost: 0 bytes in 0 blocks
==12431==    indirectly lost: 0 bytes in 0 blocks
==12431==      possibly lost: 0 bytes in 0 blocks
==12431==    still reachable: 1,690 bytes in 30 blocks
==12431==         suppressed: 0 bytes in 0 blocks
==12431== Reachable blocks (those to which a pointer was found) are not shown.
==12431== To see them, rerun with: --leak-check=full --show-leak-kinds=all
==12431== 
==12431== For counts of detected and suppressed errors, rerun with: -v
==12431== ERROR SUMMARY: 0 errors from 0 contexts (suppressed: 0 from 0)
==12428== 
==12428== HEAP SUMMARY:
==12428==     in use at exit: 0 bytes in 0 blocks
==12428==   total heap usage: 59 allocs, 59 frees, 34,969 bytes allocated
==12428== 
==12428== All heap blocks were freed -- no leaks are possible
==12428== 
==12428== For counts of detected and suppressed errors, rerun with: -v
==12428== ERROR SUMMARY: 0 errors from 0 contexts (suppressed: 0 from 0)
