==6842== Memcheck, a memory error detector
==6842== Copyright (C) 2002-2015, and GNU GPL'd, by Julian Seward et al.
==6842== Using Valgrind-3.11.0 and LibVEX; rerun with -h for copyright info
==6842== Command: ./test/test
==6842== Parent PID: 17068
==6842== 
==6845== 
==6845== HEAP SUMMARY:
==6845==     in use at exit: 2,652 bytes in 75 blocks
==6845==   total heap usage: 153 allocs, 78 frees, 50,097 bytes allocated
==6845== 
==6845== LEAK SUMMARY:
==6845==    definitely lost: 0 bytes in 0 blocks
==6845==    indirectly lost: 0 bytes in 0 blocks
==6845==      possibly lost: 0 bytes in 0 blocks
==6845==    still reachable: 2,652 bytes in 75 blocks
==6845==         suppressed: 0 bytes in 0 blocks
==6845== Reachable blocks (those to which a pointer was found) are not shown.
==6845== To see them, rerun with: --leak-check=full --show-leak-kinds=all
==6845== 
==6845== For counts of detected and suppressed errors, rerun with: -v
==6845== ERROR SUMMARY: 0 errors from 0 contexts (suppressed: 0 from 0)
==6846== 
==6846== HEAP SUMMARY:
==6846==     in use at exit: 2,729 bytes in 78 blocks
==6846==   total heap usage: 154 allocs, 76 frees, 57,514 bytes allocated
==6846== 
==6846== LEAK SUMMARY:
==6846==    definitely lost: 0 bytes in 0 blocks
==6846==    indirectly lost: 0 bytes in 0 blocks
==6846==      possibly lost: 0 bytes in 0 blocks
==6846==    still reachable: 2,729 bytes in 78 blocks
==6846==         suppressed: 0 bytes in 0 blocks
==6846== Reachable blocks (those to which a pointer was found) are not shown.
==6846== To see them, rerun with: --leak-check=full --show-leak-kinds=all
==6846== 
==6846== For counts of detected and suppressed errors, rerun with: -v
==6846== ERROR SUMMARY: 0 errors from 0 contexts (suppressed: 0 from 0)
==6847== 
==6847== HEAP SUMMARY:
==6847==     in use at exit: 2,814 bytes in 81 blocks
==6847==   total heap usage: 133 allocs, 52 frees, 56,315 bytes allocated
==6847== 
==6847== LEAK SUMMARY:
==6847==    definitely lost: 0 bytes in 0 blocks
==6847==    indirectly lost: 0 bytes in 0 blocks
==6847==      possibly lost: 0 bytes in 0 blocks
==6847==    still reachable: 2,814 bytes in 81 blocks
==6847==         suppressed: 0 bytes in 0 blocks
==6847== Reachable blocks (those to which a pointer was found) are not shown.
==6847== To see them, rerun with: --leak-check=full --show-leak-kinds=all
==6847== 
==6847== For counts of detected and suppressed errors, rerun with: -v
==6847== ERROR SUMMARY: 0 errors from 0 contexts (suppressed: 0 from 0)
==6848== 
==6848== HEAP SUMMARY:
==6848==     in use at exit: 2,907 bytes in 84 blocks
==6848==   total heap usage: 145 allocs, 61 frees, 69,444 bytes allocated
==6848== 
==6848== LEAK SUMMARY:
==6848==    definitely lost: 0 bytes in 0 blocks
==6848==    indirectly lost: 0 bytes in 0 blocks
==6848==      possibly lost: 0 bytes in 0 blocks
==6848==    still reachable: 2,907 bytes in 84 blocks
==6848==         suppressed: 0 bytes in 0 blocks
==6848== Reachable blocks (those to which a pointer was found) are not shown.
==6848== To see them, rerun with: --leak-check=full --show-leak-kinds=all
==6848== 
==6848== For counts of detected and suppressed errors, rerun with: -v
==6848== ERROR SUMMARY: 0 errors from 0 contexts (suppressed: 0 from 0)
==6842== 
==6842== HEAP SUMMARY:
==6842==     in use at exit: 0 bytes in 0 blocks
==6842==   total heap usage: 144 allocs, 144 frees, 75,594 bytes allocated
==6842== 
==6842== All heap blocks were freed -- no leaks are possible
==6842== 
==6842== For counts of detected and suppressed errors, rerun with: -v
==6842== ERROR SUMMARY: 0 errors from 0 contexts (suppressed: 0 from 0)
