==11744== Memcheck, a memory error detector
==11744== Copyright (C) 2002-2015, and GNU GPL'd, by Julian Seward et al.
==11744== Using Valgrind-3.11.0 and LibVEX; rerun with -h for copyright info
==11744== Command: ./test/test
==11744== Parent PID: 6254
==11744== 
==11747== 
==11747== HEAP SUMMARY:
==11747==     in use at exit: 2,012 bytes in 45 blocks
==11747==   total heap usage: 80 allocs, 35 frees, 51,919 bytes allocated
==11747== 
==11747== LEAK SUMMARY:
==11747==    definitely lost: 0 bytes in 0 blocks
==11747==    indirectly lost: 0 bytes in 0 blocks
==11747==      possibly lost: 0 bytes in 0 blocks
==11747==    still reachable: 2,012 bytes in 45 blocks
==11747==         suppressed: 0 bytes in 0 blocks
==11747== Reachable blocks (those to which a pointer was found) are not shown.
==11747== To see them, rerun with: --leak-check=full --show-leak-kinds=all
==11747== 
==11747== For counts of detected and suppressed errors, rerun with: -v
==11747== ERROR SUMMARY: 0 errors from 0 contexts (suppressed: 0 from 0)
==11748== 
==11748== HEAP SUMMARY:
==11748==     in use at exit: 2,089 bytes in 48 blocks
==11748==   total heap usage: 103 allocs, 55 frees, 103,514 bytes allocated
==11748== 
==11748== LEAK SUMMARY:
==11748==    definitely lost: 0 bytes in 0 blocks
==11748==    indirectly lost: 0 bytes in 0 blocks
==11748==      possibly lost: 0 bytes in 0 blocks
==11748==    still reachable: 2,089 bytes in 48 blocks
==11748==         suppressed: 0 bytes in 0 blocks
==11748== Reachable blocks (those to which a pointer was found) are not shown.
==11748== To see them, rerun with: --leak-check=full --show-leak-kinds=all
==11748== 
==11748== For counts of detected and suppressed errors, rerun with: -v
==11748== ERROR SUMMARY: 0 errors from 0 contexts (suppressed: 0 from 0)
==11744== 
==11744== HEAP SUMMARY:
==11744==     in use at exit: 0 bytes in 0 blocks
==11744==   total heap usage: 92 allocs, 92 frees, 48,568 bytes allocated
==11744== 
==11744== All heap blocks were freed -- no leaks are possible
==11744== 
==11744== For counts of detected and suppressed errors, rerun with: -v
==11744== ERROR SUMMARY: 0 errors from 0 contexts (suppressed: 0 from 0)
