==30389== Memcheck, a memory error detector
==30389== Copyright (C) 2002-2015, and GNU GPL'd, by Julian Seward et al.
==30389== Using Valgrind-3.11.0 and LibVEX; rerun with -h for copyright info
==30389== Command: ./test/test
==30389== Parent PID: 6807
==30389== 
==30392== 
==30392== HEAP SUMMARY:
==30392==     in use at exit: 2,340 bytes in 60 blocks
==30392==   total heap usage: 104 allocs, 44 frees, 84,161 bytes allocated
==30392== 
==30392== LEAK SUMMARY:
==30392==    definitely lost: 0 bytes in 0 blocks
==30392==    indirectly lost: 0 bytes in 0 blocks
==30392==      possibly lost: 0 bytes in 0 blocks
==30392==    still reachable: 2,340 bytes in 60 blocks
==30392==         suppressed: 0 bytes in 0 blocks
==30392== Reachable blocks (those to which a pointer was found) are not shown.
==30392== To see them, rerun with: --leak-check=full --show-leak-kinds=all
==30392== 
==30392== For counts of detected and suppressed errors, rerun with: -v
==30392== ERROR SUMMARY: 0 errors from 0 contexts (suppressed: 0 from 0)
==30393== 
==30393== HEAP SUMMARY:
==30393==     in use at exit: 2,417 bytes in 63 blocks
==30393==   total heap usage: 96 allocs, 33 frees, 43,634 bytes allocated
==30393== 
==30393== LEAK SUMMARY:
==30393==    definitely lost: 0 bytes in 0 blocks
==30393==    indirectly lost: 0 bytes in 0 blocks
==30393==      possibly lost: 0 bytes in 0 blocks
==30393==    still reachable: 2,417 bytes in 63 blocks
==30393==         suppressed: 0 bytes in 0 blocks
==30393== Reachable blocks (those to which a pointer was found) are not shown.
==30393== To see them, rerun with: --leak-check=full --show-leak-kinds=all
==30393== 
==30393== For counts of detected and suppressed errors, rerun with: -v
==30393== ERROR SUMMARY: 0 errors from 0 contexts (suppressed: 0 from 0)
==30394== 
==30394== HEAP SUMMARY:
==30394==     in use at exit: 2,502 bytes in 66 blocks
==30394==   total heap usage: 108 allocs, 42 frees, 56,747 bytes allocated
==30394== 
==30394== LEAK SUMMARY:
==30394==    definitely lost: 0 bytes in 0 blocks
==30394==    indirectly lost: 0 bytes in 0 blocks
==30394==      possibly lost: 0 bytes in 0 blocks
==30394==    still reachable: 2,502 bytes in 66 blocks
==30394==         suppressed: 0 bytes in 0 blocks
==30394== Reachable blocks (those to which a pointer was found) are not shown.
==30394== To see them, rerun with: --leak-check=full --show-leak-kinds=all
==30394== 
==30394== For counts of detected and suppressed errors, rerun with: -v
==30394== ERROR SUMMARY: 0 errors from 0 contexts (suppressed: 0 from 0)
==30389== 
==30389== HEAP SUMMARY:
==30389==     in use at exit: 0 bytes in 0 blocks
==30389==   total heap usage: 117 allocs, 117 frees, 62,085 bytes allocated
==30389== 
==30389== All heap blocks were freed -- no leaks are possible
==30389== 
==30389== For counts of detected and suppressed errors, rerun with: -v
==30389== ERROR SUMMARY: 0 errors from 0 contexts (suppressed: 0 from 0)
