==3592== Memcheck, a memory error detector
==3592== Copyright (C) 2002-2015, and GNU GPL'd, by Julian Seward et al.
==3592== Using Valgrind-3.11.0 and LibVEX; rerun with -h for copyright info
==3592== Command: ./test/test
==3592== Parent PID: 6807
==3592== 
==3596== 
==3596== HEAP SUMMARY:
==3596==     in use at exit: 2,012 bytes in 45 blocks
==3596==   total heap usage: 92 allocs, 47 frees, 54,827 bytes allocated
==3596== 
==3596== LEAK SUMMARY:
==3596==    definitely lost: 0 bytes in 0 blocks
==3596==    indirectly lost: 0 bytes in 0 blocks
==3596==      possibly lost: 0 bytes in 0 blocks
==3596==    still reachable: 2,012 bytes in 45 blocks
==3596==         suppressed: 0 bytes in 0 blocks
==3596== Reachable blocks (those to which a pointer was found) are not shown.
==3596== To see them, rerun with: --leak-check=full --show-leak-kinds=all
==3596== 
==3596== For counts of detected and suppressed errors, rerun with: -v
==3596== ERROR SUMMARY: 0 errors from 0 contexts (suppressed: 0 from 0)
==3597== 
==3597== HEAP SUMMARY:
==3597==     in use at exit: 2,089 bytes in 48 blocks
==3597==   total heap usage: 115 allocs, 67 frees, 68,092 bytes allocated
==3597== 
==3597== LEAK SUMMARY:
==3597==    definitely lost: 0 bytes in 0 blocks
==3597==    indirectly lost: 0 bytes in 0 blocks
==3597==      possibly lost: 0 bytes in 0 blocks
==3597==    still reachable: 2,089 bytes in 48 blocks
==3597==         suppressed: 0 bytes in 0 blocks
==3597== Reachable blocks (those to which a pointer was found) are not shown.
==3597== To see them, rerun with: --leak-check=full --show-leak-kinds=all
==3597== 
==3597== For counts of detected and suppressed errors, rerun with: -v
==3597== ERROR SUMMARY: 0 errors from 0 contexts (suppressed: 0 from 0)
==3592== 
==3592== HEAP SUMMARY:
==3592==     in use at exit: 0 bytes in 0 blocks
==3592==   total heap usage: 114 allocs, 114 frees, 53,496 bytes allocated
==3592== 
==3592== All heap blocks were freed -- no leaks are possible
==3592== 
==3592== For counts of detected and suppressed errors, rerun with: -v
==3592== ERROR SUMMARY: 0 errors from 0 contexts (suppressed: 0 from 0)
