==29498== Memcheck, a memory error detector
==29498== Copyright (C) 2002-2015, and GNU GPL'd, by Julian Seward et al.
==29498== Using Valgrind-3.11.0 and LibVEX; rerun with -h for copyright info
==29498== Command: ./test/test
==29498== Parent PID: 27287
==29498== 
==29501== 
==29501== HEAP SUMMARY:
==29501==     in use at exit: 2,012 bytes in 45 blocks
==29501==   total heap usage: 71 allocs, 26 frees, 34,905 bytes allocated
==29501== 
==29501== LEAK SUMMARY:
==29501==    definitely lost: 0 bytes in 0 blocks
==29501==    indirectly lost: 0 bytes in 0 blocks
==29501==      possibly lost: 0 bytes in 0 blocks
==29501==    still reachable: 2,012 bytes in 45 blocks
==29501==         suppressed: 0 bytes in 0 blocks
==29501== Reachable blocks (those to which a pointer was found) are not shown.
==29501== To see them, rerun with: --leak-check=full --show-leak-kinds=all
==29501== 
==29501== For counts of detected and suppressed errors, rerun with: -v
==29501== ERROR SUMMARY: 0 errors from 0 contexts (suppressed: 0 from 0)
==29502== 
==29502== HEAP SUMMARY:
==29502==     in use at exit: 2,089 bytes in 48 blocks
==29502==   total heap usage: 85 allocs, 37 frees, 56,746 bytes allocated
==29502== 
==29502== LEAK SUMMARY:
==29502==    definitely lost: 0 bytes in 0 blocks
==29502==    indirectly lost: 0 bytes in 0 blocks
==29502==      possibly lost: 0 bytes in 0 blocks
==29502==    still reachable: 2,089 bytes in 48 blocks
==29502==         suppressed: 0 bytes in 0 blocks
==29502== Reachable blocks (those to which a pointer was found) are not shown.
==29502== To see them, rerun with: --leak-check=full --show-leak-kinds=all
==29502== 
==29502== For counts of detected and suppressed errors, rerun with: -v
==29502== ERROR SUMMARY: 0 errors from 0 contexts (suppressed: 0 from 0)
==29498== 
==29498== HEAP SUMMARY:
==29498==     in use at exit: 0 bytes in 0 blocks
==29498==   total heap usage: 88 allocs, 88 frees, 48,512 bytes allocated
==29498== 
==29498== All heap blocks were freed -- no leaks are possible
==29498== 
==29498== For counts of detected and suppressed errors, rerun with: -v
==29498== ERROR SUMMARY: 0 errors from 0 contexts (suppressed: 0 from 0)
