==22363== Memcheck, a memory error detector
==22363== Copyright (C) 2002-2015, and GNU GPL'd, by Julian Seward et al.
==22363== Using Valgrind-3.11.0 and LibVEX; rerun with -h for copyright info
==22363== Command: ./test/test
==22363== Parent PID: 21262
==22363== 
==22366== 
==22366== HEAP SUMMARY:
==22366==     in use at exit: 2,012 bytes in 45 blocks
==22366==   total heap usage: 74 allocs, 29 frees, 26,278 bytes allocated
==22366== 
==22366== LEAK SUMMARY:
==22366==    definitely lost: 0 bytes in 0 blocks
==22366==    indirectly lost: 0 bytes in 0 blocks
==22366==      possibly lost: 0 bytes in 0 blocks
==22366==    still reachable: 2,012 bytes in 45 blocks
==22366==         suppressed: 0 bytes in 0 blocks
==22366== Reachable blocks (those to which a pointer was found) are not shown.
==22366== To see them, rerun with: --leak-check=full --show-leak-kinds=all
==22366== 
==22366== For counts of detected and suppressed errors, rerun with: -v
==22366== ERROR SUMMARY: 0 errors from 0 contexts (suppressed: 0 from 0)
==22367== 
==22367== HEAP SUMMARY:
==22367==     in use at exit: 2,089 bytes in 48 blocks
==22367==   total heap usage: 93 allocs, 45 frees, 39,498 bytes allocated
==22367== 
==22367== LEAK SUMMARY:
==22367==    definitely lost: 0 bytes in 0 blocks
==22367==    indirectly lost: 0 bytes in 0 blocks
==22367==      possibly lost: 0 bytes in 0 blocks
==22367==    still reachable: 2,089 bytes in 48 blocks
==22367==         suppressed: 0 bytes in 0 blocks
==22367== Reachable blocks (those to which a pointer was found) are not shown.
==22367== To see them, rerun with: --leak-check=full --show-leak-kinds=all
==22367== 
==22367== For counts of detected and suppressed errors, rerun with: -v
==22367== ERROR SUMMARY: 0 errors from 0 contexts (suppressed: 0 from 0)
==22363== 
==22363== HEAP SUMMARY:
==22363==     in use at exit: 0 bytes in 0 blocks
==22363==   total heap usage: 102 allocs, 102 frees, 48,708 bytes allocated
==22363== 
==22363== All heap blocks were freed -- no leaks are possible
==22363== 
==22363== For counts of detected and suppressed errors, rerun with: -v
==22363== ERROR SUMMARY: 0 errors from 0 contexts (suppressed: 0 from 0)
