==10902== Memcheck, a memory error detector
==10902== Copyright (C) 2002-2015, and GNU GPL'd, by Julian Seward et al.
==10902== Using Valgrind-3.11.0 and LibVEX; rerun with -h for copyright info
==10902== Command: ./test/test
==10902== Parent PID: 6254
==10902== 
==10905== 
==10905== HEAP SUMMARY:
==10905==     in use at exit: 1,690 bytes in 30 blocks
==10905==   total heap usage: 52 allocs, 22 frees, 25,831 bytes allocated
==10905== 
==10905== LEAK SUMMARY:
==10905==    definitely lost: 0 bytes in 0 blocks
==10905==    indirectly lost: 0 bytes in 0 blocks
==10905==      possibly lost: 0 bytes in 0 blocks
==10905==    still reachable: 1,690 bytes in 30 blocks
==10905==         suppressed: 0 bytes in 0 blocks
==10905== Reachable blocks (those to which a pointer was found) are not shown.
==10905== To see them, rerun with: --leak-check=full --show-leak-kinds=all
==10905== 
==10905== For counts of detected and suppressed errors, rerun with: -v
==10905== ERROR SUMMARY: 0 errors from 0 contexts (suppressed: 0 from 0)
==10902== 
==10902== HEAP SUMMARY:
==10902==     in use at exit: 0 bytes in 0 blocks
==10902==   total heap usage: 59 allocs, 59 frees, 34,969 bytes allocated
==10902== 
==10902== All heap blocks were freed -- no leaks are possible
==10902== 
==10902== For counts of detected and suppressed errors, rerun with: -v
==10902== ERROR SUMMARY: 0 errors from 0 contexts (suppressed: 0 from 0)
