==1900== Memcheck, a memory error detector
==1900== Copyright (C) 2002-2015, and GNU GPL'd, by Julian Seward et al.
==1900== Using Valgrind-3.11.0 and LibVEX; rerun with -h for copyright info
==1900== Command: ./test/test
==1900== Parent PID: 32194
==1900== 
==1906== 
==1906== HEAP SUMMARY:
==1906==     in use at exit: 2,012 bytes in 45 blocks
==1906==   total heap usage: 68 allocs, 23 frees, 26,161 bytes allocated
==1906== 
==1906== LEAK SUMMARY:
==1906==    definitely lost: 0 bytes in 0 blocks
==1906==    indirectly lost: 0 bytes in 0 blocks
==1906==      possibly lost: 0 bytes in 0 blocks
==1906==    still reachable: 2,012 bytes in 45 blocks
==1906==         suppressed: 0 bytes in 0 blocks
==1906== Reachable blocks (those to which a pointer was found) are not shown.
==1906== To see them, rerun with: --leak-check=full --show-leak-kinds=all
==1906== 
==1906== For counts of detected and suppressed errors, rerun with: -v
==1906== ERROR SUMMARY: 0 errors from 0 contexts (suppressed: 0 from 0)
==1908== 
==1908== HEAP SUMMARY:
==1908==     in use at exit: 2,089 bytes in 48 blocks
==1908==   total heap usage: 88 allocs, 40 frees, 65,490 bytes allocated
==1908== 
==1908== LEAK SUMMARY:
==1908==    definitely lost: 0 bytes in 0 blocks
==1908==    indirectly lost: 0 bytes in 0 blocks
==1908==      possibly lost: 0 bytes in 0 blocks
==1908==    still reachable: 2,089 bytes in 48 blocks
==1908==         suppressed: 0 bytes in 0 blocks
==1908== Reachable blocks (those to which a pointer was found) are not shown.
==1908== To see them, rerun with: --leak-check=full --show-leak-kinds=all
==1908== 
==1908== For counts of detected and suppressed errors, rerun with: -v
==1908== ERROR SUMMARY: 0 errors from 0 contexts (suppressed: 0 from 0)
==1900== 
==1900== HEAP SUMMARY:
==1900==     in use at exit: 0 bytes in 0 blocks
==1900==   total heap usage: 88 allocs, 88 frees, 48,512 bytes allocated
==1900== 
==1900== All heap blocks were freed -- no leaks are possible
==1900== 
==1900== For counts of detected and suppressed errors, rerun with: -v
==1900== ERROR SUMMARY: 0 errors from 0 contexts (suppressed: 0 from 0)
