==17454== Memcheck, a memory error detector
==17454== Copyright (C) 2002-2015, and GNU GPL'd, by Julian Seward et al.
==17454== Using Valgrind-3.11.0 and LibVEX; rerun with -h for copyright info
==17454== Command: ./test/test
==17454== Parent PID: 17068
==17454== 
==17457== 
==17457== HEAP SUMMARY:
==17457==     in use at exit: 3,346 bytes in 33 blocks
==17457==   total heap usage: 84 allocs, 51 frees, 53,220 bytes allocated
==17457== 
==17457== LEAK SUMMARY:
==17457==    definitely lost: 0 bytes in 0 blocks
==17457==    indirectly lost: 0 bytes in 0 blocks
==17457==      possibly lost: 0 bytes in 0 blocks
==17457==    still reachable: 3,346 bytes in 33 blocks
==17457==         suppressed: 0 bytes in 0 blocks
==17457== Reachable blocks (those to which a pointer was found) are not shown.
==17457== To see them, rerun with: --leak-check=full --show-leak-kinds=all
==17457== 
==17457== For counts of detected and suppressed errors, rerun with: -v
==17457== ERROR SUMMARY: 0 errors from 0 contexts (suppressed: 0 from 0)
==17454== 
==17454== HEAP SUMMARY:
==17454==     in use at exit: 0 bytes in 0 blocks
==17454==   total heap usage: 71 allocs, 71 frees, 35,137 bytes allocated
==17454== 
==17454== All heap blocks were freed -- no leaks are possible
==17454== 
==17454== For counts of detected and suppressed errors, rerun with: -v
==17454== ERROR SUMMARY: 0 errors from 0 contexts (suppressed: 0 from 0)
