==8259== Memcheck, a memory error detector
==8259== Copyright (C) 2002-2015, and GNU GPL'd, by Julian Seward et al.
==8259== Using Valgrind-3.11.0 and LibVEX; rerun with -h for copyright info
==8259== Command: ./test/test
==8259== Parent PID: 6463
==8259== 
==8262== 
==8262== HEAP SUMMARY:
==8262==     in use at exit: 1,986 bytes in 43 blocks
==8262==   total heap usage: 67 allocs, 24 frees, 26,159 bytes allocated
==8262== 
==8262== LEAK SUMMARY:
==8262==    definitely lost: 0 bytes in 0 blocks
==8262==    indirectly lost: 0 bytes in 0 blocks
==8262==      possibly lost: 0 bytes in 0 blocks
==8262==    still reachable: 1,986 bytes in 43 blocks
==8262==         suppressed: 0 bytes in 0 blocks
==8262== Reachable blocks (those to which a pointer was found) are not shown.
==8262== To see them, rerun with: --leak-check=full --show-leak-kinds=all
==8262== 
==8262== For counts of detected and suppressed errors, rerun with: -v
==8262== ERROR SUMMARY: 0 errors from 0 contexts (suppressed: 0 from 0)
==8263== 
==8263== HEAP SUMMARY:
==8263==     in use at exit: 2,063 bytes in 46 blocks
==8263==   total heap usage: 81 allocs, 35 frees, 48,000 bytes allocated
==8263== 
==8263== LEAK SUMMARY:
==8263==    definitely lost: 0 bytes in 0 blocks
==8263==    indirectly lost: 0 bytes in 0 blocks
==8263==      possibly lost: 0 bytes in 0 blocks
==8263==    still reachable: 2,063 bytes in 46 blocks
==8263==         suppressed: 0 bytes in 0 blocks
==8263== Reachable blocks (those to which a pointer was found) are not shown.
==8263== To see them, rerun with: --leak-check=full --show-leak-kinds=all
==8263== 
==8263== For counts of detected and suppressed errors, rerun with: -v
==8263== ERROR SUMMARY: 0 errors from 0 contexts (suppressed: 0 from 0)
==8259== 
==8259== HEAP SUMMARY:
==8259==     in use at exit: 0 bytes in 0 blocks
==8259==   total heap usage: 86 allocs, 86 frees, 48,486 bytes allocated
==8259== 
==8259== All heap blocks were freed -- no leaks are possible
==8259== 
==8259== For counts of detected and suppressed errors, rerun with: -v
==8259== ERROR SUMMARY: 0 errors from 0 contexts (suppressed: 0 from 0)
