==9961== Memcheck, a memory error detector
==9961== Copyright (C) 2002-2015, and GNU GPL'd, by Julian Seward et al.
==9961== Using Valgrind-3.11.0 and LibVEX; rerun with -h for copyright info
==9961== Command: ./test/test
==9961== Parent PID: 6254
==9961== 
==9964== 
==9964== HEAP SUMMARY:
==9964==     in use at exit: 2,012 bytes in 45 blocks
==9964==   total heap usage: 72 allocs, 27 frees, 34,936 bytes allocated
==9964== 
==9964== LEAK SUMMARY:
==9964==    definitely lost: 0 bytes in 0 blocks
==9964==    indirectly lost: 0 bytes in 0 blocks
==9964==      possibly lost: 0 bytes in 0 blocks
==9964==    still reachable: 2,012 bytes in 45 blocks
==9964==         suppressed: 0 bytes in 0 blocks
==9964== Reachable blocks (those to which a pointer was found) are not shown.
==9964== To see them, rerun with: --leak-check=full --show-leak-kinds=all
==9964== 
==9964== For counts of detected and suppressed errors, rerun with: -v
==9964== ERROR SUMMARY: 0 errors from 0 contexts (suppressed: 0 from 0)
==9965== 
==9965== HEAP SUMMARY:
==9965==     in use at exit: 2,089 bytes in 48 blocks
==9965==   total heap usage: 85 allocs, 37 frees, 48,061 bytes allocated
==9965== 
==9965== LEAK SUMMARY:
==9965==    definitely lost: 0 bytes in 0 blocks
==9965==    indirectly lost: 0 bytes in 0 blocks
==9965==      possibly lost: 0 bytes in 0 blocks
==9965==    still reachable: 2,089 bytes in 48 blocks
==9965==         suppressed: 0 bytes in 0 blocks
==9965== Reachable blocks (those to which a pointer was found) are not shown.
==9965== To see them, rerun with: --leak-check=full --show-leak-kinds=all
==9965== 
==9965== For counts of detected and suppressed errors, rerun with: -v
==9965== ERROR SUMMARY: 0 errors from 0 contexts (suppressed: 0 from 0)
==9961== 
==9961== HEAP SUMMARY:
==9961==     in use at exit: 0 bytes in 0 blocks
==9961==   total heap usage: 92 allocs, 92 frees, 48,568 bytes allocated
==9961== 
==9961== All heap blocks were freed -- no leaks are possible
==9961== 
==9961== For counts of detected and suppressed errors, rerun with: -v
==9961== ERROR SUMMARY: 0 errors from 0 contexts (suppressed: 0 from 0)
