==21831== Memcheck, a memory error detector
==21831== Copyright (C) 2002-2015, and GNU GPL'd, by Julian Seward et al.
==21831== Using Valgrind-3.11.0 and LibVEX; rerun with -h for copyright info
==21831== Command: ./test/test
==21831== Parent PID: 17878
==21831== 
==21834== 
==21834== HEAP SUMMARY:
==21834==     in use at exit: 1,690 bytes in 30 blocks
==21834==   total heap usage: 54 allocs, 24 frees, 25,899 bytes allocated
==21834== 
==21834== LEAK SUMMARY:
==21834==    definitely lost: 0 bytes in 0 blocks
==21834==    indirectly lost: 0 bytes in 0 blocks
==21834==      possibly lost: 0 bytes in 0 blocks
==21834==    still reachable: 1,690 bytes in 30 blocks
==21834==         suppressed: 0 bytes in 0 blocks
==21834== Reachable blocks (those to which a pointer was found) are not shown.
==21834== To see them, rerun with: --leak-check=full --show-leak-kinds=all
==21834== 
==21834== For counts of detected and suppressed errors, rerun with: -v
==21834== ERROR SUMMARY: 0 errors from 0 contexts (suppressed: 0 from 0)
==21831== 
==21831== HEAP SUMMARY:
==21831==     in use at exit: 0 bytes in 0 blocks
==21831==   total heap usage: 59 allocs, 59 frees, 34,969 bytes allocated
==21831== 
==21831== All heap blocks were freed -- no leaks are possible
==21831== 
==21831== For counts of detected and suppressed errors, rerun with: -v
==21831== ERROR SUMMARY: 0 errors from 0 contexts (suppressed: 0 from 0)
