==368== Memcheck, a memory error detector
==368== Copyright (C) 2002-2015, and GNU GPL'd, by Julian Seward et al.
==368== Using Valgrind-3.11.0 and LibVEX; rerun with -h for copyright info
==368== Command: ./test/test
==368== Parent PID: 6807
==368== 
==372== 
==372== HEAP SUMMARY:
==372==     in use at exit: 2,012 bytes in 45 blocks
==372==   total heap usage: 104 allocs, 59 frees, 83,780 bytes allocated
==372== 
==372== LEAK SUMMARY:
==372==    definitely lost: 0 bytes in 0 blocks
==372==    indirectly lost: 0 bytes in 0 blocks
==372==      possibly lost: 0 bytes in 0 blocks
==372==    still reachable: 2,012 bytes in 45 blocks
==372==         suppressed: 0 bytes in 0 blocks
==372== Reachable blocks (those to which a pointer was found) are not shown.
==372== To see them, rerun with: --leak-check=full --show-leak-kinds=all
==372== 
==372== For counts of detected and suppressed errors, rerun with: -v
==372== ERROR SUMMARY: 0 errors from 0 contexts (suppressed: 0 from 0)
==373== 
==373== HEAP SUMMARY:
==373==     in use at exit: 2,089 bytes in 48 blocks
==373==   total heap usage: 125 allocs, 77 frees, 97,017 bytes allocated
==373== 
==373== LEAK SUMMARY:
==373==    definitely lost: 0 bytes in 0 blocks
==373==    indirectly lost: 0 bytes in 0 blocks
==373==      possibly lost: 0 bytes in 0 blocks
==373==    still reachable: 2,089 bytes in 48 blocks
==373==         suppressed: 0 bytes in 0 blocks
==373== Reachable blocks (those to which a pointer was found) are not shown.
==373== To see them, rerun with: --leak-check=full --show-leak-kinds=all
==373== 
==373== For counts of detected and suppressed errors, rerun with: -v
==373== ERROR SUMMARY: 0 errors from 0 contexts (suppressed: 0 from 0)
==368== 
==368== HEAP SUMMARY:
==368==     in use at exit: 0 bytes in 0 blocks
==368==   total heap usage: 108 allocs, 108 frees, 48,792 bytes allocated
==368== 
==368== All heap blocks were freed -- no leaks are possible
==368== 
==368== For counts of detected and suppressed errors, rerun with: -v
==368== ERROR SUMMARY: 0 errors from 0 contexts (suppressed: 0 from 0)
