==24050== Memcheck, a memory error detector
==24050== Copyright (C) 2002-2015, and GNU GPL'd, by Julian Seward et al.
==24050== Using Valgrind-3.11.0 and LibVEX; rerun with -h for copyright info
==24050== Command: ./test/test
==24050== Parent PID: 21262
==24050== 
==24053== 
==24053== HEAP SUMMARY:
==24053==     in use at exit: 3,756 bytes in 77 blocks
==24053==   total heap usage: 109 allocs, 32 frees, 44,383 bytes allocated
==24053== 
==24053== LEAK SUMMARY:
==24053==    definitely lost: 0 bytes in 0 blocks
==24053==    indirectly lost: 0 bytes in 0 blocks
==24053==      possibly lost: 0 bytes in 0 blocks
==24053==    still reachable: 3,756 bytes in 77 blocks
==24053==         suppressed: 0 bytes in 0 blocks
==24053== Reachable blocks (those to which a pointer was found) are not shown.
==24053== To see them, rerun with: --leak-check=full --show-leak-kinds=all
==24053== 
==24053== For counts of detected and suppressed errors, rerun with: -v
==24053== ERROR SUMMARY: 0 errors from 0 contexts (suppressed: 0 from 0)
==24054== 
==24054== HEAP SUMMARY:
==24054==     in use at exit: 2,729 bytes in 78 blocks
==24054==   total heap usage: 118 allocs, 40 frees, 40,048 bytes allocated
==24054== 
==24054== LEAK SUMMARY:
==24054==    definitely lost: 0 bytes in 0 blocks
==24054==    indirectly lost: 0 bytes in 0 blocks
==24054==      possibly lost: 0 bytes in 0 blocks
==24054==    still reachable: 2,729 bytes in 78 blocks
==24054==         suppressed: 0 bytes in 0 blocks
==24054== Reachable blocks (those to which a pointer was found) are not shown.
==24054== To see them, rerun with: --leak-check=full --show-leak-kinds=all
==24054== 
==24054== For counts of detected and suppressed errors, rerun with: -v
==24054== ERROR SUMMARY: 0 errors from 0 contexts (suppressed: 0 from 0)
==24055== 
==24055== HEAP SUMMARY:
==24055==     in use at exit: 2,814 bytes in 81 blocks
==24055==   total heap usage: 138 allocs, 57 frees, 53,295 bytes allocated
==24055== 
==24055== LEAK SUMMARY:
==24055==    definitely lost: 0 bytes in 0 blocks
==24055==    indirectly lost: 0 bytes in 0 blocks
==24055==      possibly lost: 0 bytes in 0 blocks
==24055==    still reachable: 2,814 bytes in 81 blocks
==24055==         suppressed: 0 bytes in 0 blocks
==24055== Reachable blocks (those to which a pointer was found) are not shown.
==24055== To see them, rerun with: --leak-check=full --show-leak-kinds=all
==24055== 
==24055== For counts of detected and suppressed errors, rerun with: -v
==24055== ERROR SUMMARY: 0 errors from 0 contexts (suppressed: 0 from 0)
==24056== 
==24056== HEAP SUMMARY:
==24056==     in use at exit: 2,907 bytes in 84 blocks
==24056==   total heap usage: 158 allocs, 74 frees, 66,536 bytes allocated
==24056== 
==24056== LEAK SUMMARY:
==24056==    definitely lost: 0 bytes in 0 blocks
==24056==    indirectly lost: 0 bytes in 0 blocks
==24056==      possibly lost: 0 bytes in 0 blocks
==24056==    still reachable: 2,907 bytes in 84 blocks
==24056==         suppressed: 0 bytes in 0 blocks
==24056== Reachable blocks (those to which a pointer was found) are not shown.
==24056== To see them, rerun with: --leak-check=full --show-leak-kinds=all
==24056== 
==24056== For counts of detected and suppressed errors, rerun with: -v
==24056== ERROR SUMMARY: 0 errors from 0 contexts (suppressed: 0 from 0)
==24050== 
==24050== HEAP SUMMARY:
==24050==     in use at exit: 0 bytes in 0 blocks
==24050==   total heap usage: 168 allocs, 168 frees, 75,930 bytes allocated
==24050== 
==24050== All heap blocks were freed -- no leaks are possible
==24050== 
==24050== For counts of detected and suppressed errors, rerun with: -v
==24050== ERROR SUMMARY: 0 errors from 0 contexts (suppressed: 0 from 0)
