==19939== Memcheck, a memory error detector
==19939== Copyright (C) 2002-2015, and GNU GPL'd, by Julian Seward et al.
==19939== Using Valgrind-3.11.0 and LibVEX; rerun with -h for copyright info
==19939== Command: ./test/test
==19939== Parent PID: 17878
==19939== 
==19942== 
==19942== HEAP SUMMARY:
==19942==     in use at exit: 2,340 bytes in 60 blocks
==19942==   total heap usage: 90 allocs, 30 frees, 26,622 bytes allocated
==19942== 
==19942== LEAK SUMMARY:
==19942==    definitely lost: 0 bytes in 0 blocks
==19942==    indirectly lost: 0 bytes in 0 blocks
==19942==      possibly lost: 0 bytes in 0 blocks
==19942==    still reachable: 2,340 bytes in 60 blocks
==19942==         suppressed: 0 bytes in 0 blocks
==19942== Reachable blocks (those to which a pointer was found) are not shown.
==19942== To see them, rerun with: --leak-check=full --show-leak-kinds=all
==19942== 
==19942== For counts of detected and suppressed errors, rerun with: -v
==19942== ERROR SUMMARY: 0 errors from 0 contexts (suppressed: 0 from 0)
==19943== 
==19943== HEAP SUMMARY:
==19943==     in use at exit: 2,417 bytes in 63 blocks
==19943==   total heap usage: 107 allocs, 44 frees, 39,803 bytes allocated
==19943== 
==19943== LEAK SUMMARY:
==19943==    definitely lost: 0 bytes in 0 blocks
==19943==    indirectly lost: 0 bytes in 0 blocks
==19943==      possibly lost: 0 bytes in 0 blocks
==19943==    still reachable: 2,417 bytes in 63 blocks
==19943==         suppressed: 0 bytes in 0 blocks
==19943== Reachable blocks (those to which a pointer was found) are not shown.
==19943== To see them, rerun with: --leak-check=full --show-leak-kinds=all
==19943== 
==19943== For counts of detected and suppressed errors, rerun with: -v
==19943== ERROR SUMMARY: 0 errors from 0 contexts (suppressed: 0 from 0)
==19944== 
==19944== HEAP SUMMARY:
==19944==     in use at exit: 2,502 bytes in 66 blocks
==19944==   total heap usage: 140 allocs, 74 frees, 57,369 bytes allocated
==19944== 
==19944== LEAK SUMMARY:
==19944==    definitely lost: 0 bytes in 0 blocks
==19944==    indirectly lost: 0 bytes in 0 blocks
==19944==      possibly lost: 0 bytes in 0 blocks
==19944==    still reachable: 2,502 bytes in 66 blocks
==19944==         suppressed: 0 bytes in 0 blocks
==19944== Reachable blocks (those to which a pointer was found) are not shown.
==19944== To see them, rerun with: --leak-check=full --show-leak-kinds=all
==19944== 
==19944== For counts of detected and suppressed errors, rerun with: -v
==19944== ERROR SUMMARY: 0 errors from 0 contexts (suppressed: 0 from 0)
==19939== 
==19939== HEAP SUMMARY:
==19939==     in use at exit: 0 bytes in 0 blocks
==19939==   total heap usage: 149 allocs, 149 frees, 62,533 bytes allocated
==19939== 
==19939== All heap blocks were freed -- no leaks are possible
==19939== 
==19939== For counts of detected and suppressed errors, rerun with: -v
==19939== ERROR SUMMARY: 0 errors from 0 contexts (suppressed: 0 from 0)
