==20834== Memcheck, a memory error detector
==20834== Copyright (C) 2002-2015, and GNU GPL'd, by Julian Seward et al.
==20834== Using Valgrind-3.11.0 and LibVEX; rerun with -h for copyright info
==20834== Command: ./test/test
==20834== Parent PID: 17878
==20834== 
==20841== 
==20841== HEAP SUMMARY:
==20841==     in use at exit: 1,790 bytes in 31 blocks
==20841==   total heap usage: 53 allocs, 22 frees, 25,931 bytes allocated
==20841== 
==20841== 100 bytes in 1 blocks are definitely lost in loss record 29 of 31
==20841==    at 0x4C2DB8F: malloc (in /usr/lib/valgrind/vgpreload_memcheck-amd64-linux.so)
==20841==    by 0x401EF4: test_mastermind (test_source.c:29)
==20841==    by 0x406632: srunner_run (in /home/yasgur99/Documents/JavaProjects/2016-aalto-c/Module_2-03_mastermind/test/test)
==20841==    by 0x402460: tmc_run_tests (tmc-check.c:122)
==20841==    by 0x40211B: main (test_source.c:53)
==20841== 
==20841== LEAK SUMMARY:
==20841==    definitely lost: 100 bytes in 1 blocks
==20841==    indirectly lost: 0 bytes in 0 blocks
==20841==      possibly lost: 0 bytes in 0 blocks
==20841==    still reachable: 1,690 bytes in 30 blocks
==20841==         suppressed: 0 bytes in 0 blocks
==20841== Reachable blocks (those to which a pointer was found) are not shown.
==20841== To see them, rerun with: --leak-check=full --show-leak-kinds=all
==20841== 
==20841== For counts of detected and suppressed errors, rerun with: -v
==20841== ERROR SUMMARY: 1 errors from 1 contexts (suppressed: 0 from 0)
==20834== 
==20834== HEAP SUMMARY:
==20834==     in use at exit: 0 bytes in 0 blocks
==20834==   total heap usage: 59 allocs, 59 frees, 34,969 bytes allocated
==20834== 
==20834== All heap blocks were freed -- no leaks are possible
==20834== 
==20834== For counts of detected and suppressed errors, rerun with: -v
==20834== ERROR SUMMARY: 0 errors from 0 contexts (suppressed: 0 from 0)
